This file contains any messages produced by compilers while
running configure, to aid debugging if configure makes a mistake.

It was created by FreeType configure 2.3.9, which was
generated by GNU Autoconf 2.63.  Invocation command line was

  $ ./configure --build=ppc --enable-shared=no --enable-static=yes

## --------- ##
## Platform. ##
## --------- ##

hostname = Carls-MacBook-Pro.local
uname -m = x86_64
uname -r = 11.0.0
uname -s = Darwin
uname -v = Darwin Kernel Version 11.0.0: Sat Jun 18 12:56:35 PDT 2011; root:xnu-1699.22.73~1/RELEASE_X86_64

/usr/bin/uname -p = i386
/bin/uname -X     = unknown

/bin/arch              = unknown
/usr/bin/arch -k       = unknown
/usr/convex/getsysinfo = unknown
/usr/bin/hostinfo      = Mach kernel version:
	 Darwin Kernel Version 11.0.0: Sat Jun 18 12:56:35 PDT 2011; root:xnu-1699.22.73~1/RELEASE_X86_64
Kernel configured for up to 2 processors.
2 processors are physically available.
2 processors are logically available.
Processor type: i486 (Intel 80486)
Processors active: 0 1
Primary memory available: 4.00 gigabytes
Default processor set: 106 tasks, 422 threads, 2 processors
Load average: 1.96, Mach factor: 0.61
/bin/machine           = unknown
/usr/bin/oslevel       = unknown
/bin/universe          = unknown

PATH: /usr/bin
PATH: /bin
PATH: /usr/sbin
PATH: /sbin
PATH: /usr/local/bin
PATH: /Developer/usr/bin
PATH: /usr/X11/bin


## ----------- ##
## Core tests. ##
## ----------- ##

configure:2072: checking build system type
configure:2090: result: powerpc-unknown-none
configure:2112: checking host system type
configure:2127: result: powerpc-unknown-none
configure:2201: checking for gcc
configure:2228: result: /Developer/usr/bin/gcc-4.0
configure:2460: checking for C compiler version
configure:2468: /Developer/usr/bin/gcc-4.0 --version >&5
i686-apple-darwin10-gcc-4.0.1 (GCC) 4.0.1 (Apple Inc. build 5494)
Copyright (C) 2005 Free Software Foundation, Inc.
This is free software; see the source for copying conditions.  There is NO
warranty; not even for MERCHANTABILITY or FITNESS FOR A PARTICULAR PURPOSE.

configure:2472: $? = 0
configure:2479: /Developer/usr/bin/gcc-4.0 -v >&5
Using built-in specs.
Target: i686-apple-darwin10
Configured with: /var/tmp/gcc_40/gcc_40-5494~315/src/configure --disable-checking -enable-werror --prefix=/usr --mandir=/share/man --enable-languages=c,objc,c++,obj-c++ --program-transform-name=/^[cg][^.-]*$/s/$/-4.0/ --with-gxx-include-dir=/include/c++/4.0.0 --with-slibdir=/usr/lib --build=i686-apple-darwin10 --with-arch=apple --with-tune=generic --host=i686-apple-darwin10 --target=i686-apple-darwin10
Thread model: posix
gcc version 4.0.1 (Apple Inc. build 5494)
configure:2483: $? = 0
configure:2490: /Developer/usr/bin/gcc-4.0 -V >&5
gcc-4.0: argument to `-V' is missing
configure:2494: $? = 1
configure:2517: checking for C compiler default output file name
configure:2539: /Developer/usr/bin/gcc-4.0 -O2 -I/Developer/SDKs/MacOSX10.4u.sdk/usr/include -I/Developer/SDKs/MacOSX10.4u.sdk/usr/local/include -isysroot /Developer/SDKs/MacOSX10.4u.sdk -arch ppc -O2 -I/Developer/SDKs/MacOSX10.4u.sdk/usr/include -I/Developer/SDKs/MacOSX10.4u.sdk/usr/local/include -isysroot /Developer/SDKs/MacOSX10.4u.sdk -arch ppc -L/Developer/SDKs/MacOSX10.4u.sdk/usr/lib/ -L/Developer/SDKs/MacOSX10.4u.sdk/usr/local/lib/ -isysroot /Developer/SDKs/MacOSX10.4u.sdk -Wl,-syslibroot,/Developer/SDKs/MacOSX10.4u.sdk -arch ppc conftest.c  >&5
ld: warning: object file compiled with -mlong-branch which is no longer needed. To remove this warning, recompile without -mlong-branch: /Developer/SDKs/MacOSX10.4u.sdk/usr/lib//crt1.o
configure:2543: $? = 0
configure:2581: result: a.out
configure:2600: checking whether the C compiler works
configure:2610: ./a.out
Launch of "a.out" failed: the PowerPC architecture is no longer supported.
configure:2614: $? = 2
configure:2621: error: in `/Users/carlgt1/projects/qcn/freetype-2.3.9/builds/unix':
configure:2625: error: cannot run C compiled programs.
If you meant to cross compile, use `--host'.
See `config.log' for more details.

## ---------------- ##
## Cache variables. ##
## ---------------- ##

ac_cv_build=powerpc-unknown-none
ac_cv_env_CC_set=set
ac_cv_env_CC_value=/Developer/usr/bin/gcc-4.0
ac_cv_env_CFLAGS_set=set
ac_cv_env_CFLAGS_value='-O2 -I/Developer/SDKs/MacOSX10.4u.sdk/usr/include -I/Developer/SDKs/MacOSX10.4u.sdk/usr/local/include -isysroot /Developer/SDKs/MacOSX10.4u.sdk -arch ppc'
ac_cv_env_CPPFLAGS_set=set
ac_cv_env_CPPFLAGS_value='-O2 -I/Developer/SDKs/MacOSX10.4u.sdk/usr/include -I/Developer/SDKs/MacOSX10.4u.sdk/usr/local/include -isysroot /Developer/SDKs/MacOSX10.4u.sdk -arch ppc'
ac_cv_env_CPP_set=
ac_cv_env_CPP_value=
ac_cv_env_LDFLAGS_set=set
ac_cv_env_LDFLAGS_value='-L/Developer/SDKs/MacOSX10.4u.sdk/usr/lib/ -L/Developer/SDKs/MacOSX10.4u.sdk/usr/local/lib/ -isysroot /Developer/SDKs/MacOSX10.4u.sdk -Wl,-syslibroot,/Developer/SDKs/MacOSX10.4u.sdk -arch ppc'
ac_cv_env_LIBS_set=
ac_cv_env_LIBS_value=
ac_cv_env_build_alias_set=set
ac_cv_env_build_alias_value=ppc
ac_cv_env_host_alias_set=
ac_cv_env_host_alias_value=
ac_cv_env_target_alias_set=
ac_cv_env_target_alias_value=
ac_cv_host=powerpc-unknown-none
ac_cv_prog_ac_ct_CC=/Developer/usr/bin/gcc-4.0

## ----------------- ##
## Output variables. ##
## ----------------- ##

AR=''
AS=''
CC='/Developer/usr/bin/gcc-4.0'
CC_BUILD=''
CFLAGS='-O2 -I/Developer/SDKs/MacOSX10.4u.sdk/usr/include -I/Developer/SDKs/MacOSX10.4u.sdk/usr/local/include -isysroot /Developer/SDKs/MacOSX10.4u.sdk -arch ppc'
CPP=''
CPPFLAGS='-O2 -I/Developer/SDKs/MacOSX10.4u.sdk/usr/include -I/Developer/SDKs/MacOSX10.4u.sdk/usr/local/include -isysroot /Developer/SDKs/MacOSX10.4u.sdk -arch ppc'
DEFS=''
DLLTOOL=''
DSYMUTIL=''
DUMPBIN=''
ECHO_C='\c'
ECHO_N=''
ECHO_T=''
EGREP=''
EXEEXT=''
EXEEXT_BUILD=''
FGREP=''
FT2_EXTRA_LIBS=''
FTSYS_SRC=''
GREP=''
INSTALL_DATA=''
INSTALL_PROGRAM=''
INSTALL_SCRIPT=''
LD=''
LDFLAGS='-L/Developer/SDKs/MacOSX10.4u.sdk/usr/lib/ -L/Developer/SDKs/MacOSX10.4u.sdk/usr/local/lib/ -isysroot /Developer/SDKs/MacOSX10.4u.sdk -Wl,-syslibroot,/Developer/SDKs/MacOSX10.4u.sdk -arch ppc'
LIBOBJS=''
LIBS=''
LIBTOOL='/usr/local/bin/libtool --tag=CC'
LIBZ=''
LIPO=''
LN_S=''
LTLIBOBJS=''
NM=''
NMEDIT=''
OBJDUMP=''
OBJEXT=''
OTOOL64=''
OTOOL=''
PACKAGE_BUGREPORT='freetype@nongnu.org'
PACKAGE_NAME='FreeType'
PACKAGE_STRING='FreeType 2.3.9'
PACKAGE_TARNAME='freetype'
PACKAGE_VERSION='2.3.9'
PATH_SEPARATOR=':'
RANLIB=''
RMDIR=''
RMF=''
SED=''
SHELL='/bin/sh'
STRIP=''
SYSTEM_ZLIB=''
XX_ANSIFLAGS=''
XX_CFLAGS=''
ac_ct_CC='/Developer/usr/bin/gcc-4.0'
ac_ct_DUMPBIN=''
bindir='${exec_prefix}/bin'
build='powerpc-unknown-none'
build_alias='ppc'
build_cpu='powerpc'
build_libtool_libs=''
build_os='none'
build_vendor='unknown'
datadir='${datarootdir}'
datarootdir='${prefix}/share'
docdir='${datarootdir}/doc/${PACKAGE_TARNAME}'
dvidir='${docdir}'
exec_prefix='NONE'
ft_version='9.20.3'
ftmac_c=''
hardcode_libdir_flag_spec=''
host='powerpc-unknown-none'
host_alias=''
host_cpu='powerpc'
host_os='none'
host_vendor='unknown'
htmldir='${docdir}'
includedir='${prefix}/include'
infodir='${datarootdir}/info'
libdir='${exec_prefix}/lib'
libexecdir='${exec_prefix}/libexec'
localedir='${datarootdir}/locale'
localstatedir='${prefix}/var'
lt_ECHO='/bin/echo'
mandir='${datarootdir}/man'
oldincludedir='/usr/include'
pdfdir='${docdir}'
prefix='NONE'
program_transform_name='s,x,x,'
psdir='${docdir}'
sbindir='${exec_prefix}/sbin'
sharedstatedir='${prefix}/com'
sysconfdir='${prefix}/etc'
target_alias=''
version_info='9:20:3'
wl=''

## ----------- ##
## confdefs.h. ##
## ----------- ##

#define PACKAGE_NAME "FreeType"
#define PACKAGE_TARNAME "freetype"
#define PACKAGE_VERSION "2.3.9"
#define PACKAGE_STRING "FreeType 2.3.9"
#define PACKAGE_BUGREPORT "freetype@nongnu.org"

configure: exit 1
