This file contains any messages produced by compilers while
running configure, to aid debugging if configure makes a mistake.

It was created by FTGL configure 2.1.3~rc5, which was
generated by GNU Autoconf 2.63.  Invocation command line was

  $ ./configure -v

## --------- ##
## Platform. ##
## --------- ##

hostname = Carl-Christensens-MacBook-Pro.local
uname -m = i386
uname -r = 10.5.0
uname -s = Darwin
uname -v = Darwin Kernel Version 10.5.0: Fri Nov  5 23:20:39 PDT 2010; root:xnu-1504.9.17~1/RELEASE_I386

/usr/bin/uname -p = i386
/bin/uname -X     = unknown

/bin/arch              = unknown
/usr/bin/arch -k       = unknown
/usr/convex/getsysinfo = unknown
/usr/bin/hostinfo      = Mach kernel version:
	 Darwin Kernel Version 10.5.0: Fri Nov  5 23:20:39 PDT 2010; root:xnu-1504.9.17~1/RELEASE_I386
Kernel configured for up to 2 processors.
2 processors are physically available.
2 processors are logically available.
Processor type: i486 (Intel 80486)
Processors active: 0 1
Primary memory available: 4.00 gigabytes
Default processor set: 76 tasks, 276 threads, 2 processors
Load average: 0.51, Mach factor: 1.48
/bin/machine           = unknown
/usr/bin/oslevel       = unknown
/bin/universe          = unknown

PATH: /usr/bin
PATH: /bin
PATH: /usr/sbin
PATH: /sbin
PATH: /usr/local/bin
PATH: /usr/X11/bin


## ----------- ##
## Core tests. ##
## ----------- ##

configure:2122: checking for a BSD-compatible install
configure:2190: result: /usr/bin/install -c
configure:2201: checking whether build environment is sane
configure:2261: result: yes
configure:2402: checking for a thread-safe mkdir -p
configure:2441: result: .auto/install-sh -c -d
configure:2454: checking for gawk
configure:2484: result: no
configure:2454: checking for mawk
configure:2484: result: no
configure:2454: checking for nawk
configure:2484: result: no
configure:2454: checking for awk
configure:2470: found /usr/bin/awk
configure:2481: result: awk
configure:2492: checking whether make sets $(MAKE)
configure:2514: result: yes
configure:2632: checking build system type
configure:2650: result: i386-apple-darwin10.5.0
configure:2672: checking host system type
configure:2687: result: i386-apple-darwin10.5.0
configure:2721: checking for style of include used by make
configure:2749: result: GNU
configure:2819: checking for gcc
configure:2835: found /usr/bin/gcc
configure:2846: result: gcc
configure:3078: checking for C compiler version
configure:3086: gcc --version >&5
i686-apple-darwin10-gcc-4.2.1 (GCC) 4.2.1 (Apple Inc. build 5664)
Copyright (C) 2007 Free Software Foundation, Inc.
This is free software; see the source for copying conditions.  There is NO
warranty; not even for MERCHANTABILITY or FITNESS FOR A PARTICULAR PURPOSE.

configure:3090: $? = 0
configure:3097: gcc -v >&5
Using built-in specs.
Target: i686-apple-darwin10
Configured with: /var/tmp/gcc/gcc-5664~105/src/configure --disable-checking --enable-werror --prefix=/usr --mandir=/share/man --enable-languages=c,objc,c++,obj-c++ --program-transform-name=/^[cg][^.-]*$/s/$/-4.2/ --with-slibdir=/usr/lib --build=i686-apple-darwin10 --program-prefix=i686-apple-darwin10- --host=x86_64-apple-darwin10 --target=i686-apple-darwin10 --with-gxx-include-dir=/include/c++/4.2.1
Thread model: posix
gcc version 4.2.1 (Apple Inc. build 5664)
configure:3101: $? = 0
configure:3108: gcc -V >&5
gcc-4.2: argument to `-V' is missing
configure:3112: $? = 1
configure:3135: checking for C compiler default output file name
configure:3157: gcc    conftest.c  >&5
configure:3161: $? = 0
configure:3199: result: a.out
configure:3218: checking whether the C compiler works
configure:3228: ./a.out
configure:3232: $? = 0
configure:3251: result: yes
configure:3258: checking whether we are cross compiling
configure:3260: result: no
configure:3263: checking for suffix of executables
configure:3270: gcc -o conftest    conftest.c  >&5
configure:3274: $? = 0
configure:3300: result: 
configure:3306: checking for suffix of object files
configure:3332: gcc -c   conftest.c >&5
configure:3336: $? = 0
configure:3361: result: o
configure:3365: checking whether we are using the GNU C compiler
configure:3394: gcc -c   conftest.c >&5
configure:3401: $? = 0
configure:3418: result: yes
configure:3427: checking whether gcc accepts -g
configure:3457: gcc -c -g  conftest.c >&5
configure:3464: $? = 0
configure:3565: result: yes
configure:3582: checking for gcc option to accept ISO C89
configure:3656: gcc  -c -g -O2  conftest.c >&5

## ---------------- ##
## Cache variables. ##
## ---------------- ##

ac_cv_build=i386-apple-darwin10.5.0
ac_cv_c_compiler_gnu=yes
ac_cv_env_CCC_set=
ac_cv_env_CCC_value=
ac_cv_env_CC_set=
ac_cv_env_CC_value=
ac_cv_env_CFLAGS_set=
ac_cv_env_CFLAGS_value=
ac_cv_env_CPPFLAGS_set=
ac_cv_env_CPPFLAGS_value=
ac_cv_env_CPPUNIT_CFLAGS_set=
ac_cv_env_CPPUNIT_CFLAGS_value=
ac_cv_env_CPPUNIT_LIBS_set=
ac_cv_env_CPPUNIT_LIBS_value=
ac_cv_env_CPP_set=
ac_cv_env_CPP_value=
ac_cv_env_CXXCPP_set=
ac_cv_env_CXXCPP_value=
ac_cv_env_CXXFLAGS_set=
ac_cv_env_CXXFLAGS_value=
ac_cv_env_CXX_set=
ac_cv_env_CXX_value=
ac_cv_env_LDFLAGS_set=
ac_cv_env_LDFLAGS_value=
ac_cv_env_LIBS_set=
ac_cv_env_LIBS_value=
ac_cv_env_PKG_CONFIG_set=
ac_cv_env_PKG_CONFIG_value=
ac_cv_env_XMKMF_set=
ac_cv_env_XMKMF_value=
ac_cv_env_build_alias_set=
ac_cv_env_build_alias_value=
ac_cv_env_host_alias_set=
ac_cv_env_host_alias_value=
ac_cv_env_target_alias_set=
ac_cv_env_target_alias_value=
ac_cv_host=i386-apple-darwin10.5.0
ac_cv_objext=o
ac_cv_path_install='/usr/bin/install -c'
ac_cv_prog_AWK=awk
ac_cv_prog_ac_ct_CC=gcc
ac_cv_prog_cc_c89=no
ac_cv_prog_cc_g=yes
ac_cv_prog_make_make_set=yes

## ----------------- ##
## Output variables. ##
## ----------------- ##

ACLOCAL='${SHELL} /Users/carlgt1/projects/qcn/ftgl/.auto/missing --run aclocal-1.11'
AMDEPBACKSLASH='\'
AMDEP_FALSE='#'
AMDEP_TRUE=''
AMTAR='${SHELL} /Users/carlgt1/projects/qcn/ftgl/.auto/missing --run tar'
AR=''
AUTOCONF='${SHELL} /Users/carlgt1/projects/qcn/ftgl/.auto/missing --run autoconf'
AUTOHEADER='${SHELL} /Users/carlgt1/projects/qcn/ftgl/.auto/missing --run autoheader'
AUTOMAKE='${SHELL} /Users/carlgt1/projects/qcn/ftgl/.auto/missing --run automake-1.11'
AWK='awk'
CC='gcc '
CCDEPMODE=''
CFLAGS='-g -O2'
CONVERT=''
CPP=''
CPPFLAGS=''
CPPUNIT_CFLAGS=''
CPPUNIT_LIBS=''
CXX=''
CXXCPP=''
CXXDEPMODE=''
CXXFLAGS=''
CYGPATH_W='echo'
DEFS=''
DEPDIR='.deps'
DOXYGEN=''
DSYMUTIL=''
DUMPBIN=''
DVIPS=''
ECHO_C='\c'
ECHO_N=''
ECHO_T=''
EGREP=''
EPSTOPDF=''
EXEEXT=''
FGREP=''
GREP=''
HAVE_CPPUNIT_FALSE=''
HAVE_CPPUNIT_TRUE=''
HAVE_DOXYGEN_FALSE=''
HAVE_DOXYGEN_TRUE=''
HAVE_LATEX_FALSE=''
HAVE_LATEX_TRUE=''
INSTALL_DATA='${INSTALL} -m 644'
INSTALL_PROGRAM='${INSTALL}'
INSTALL_SCRIPT='${INSTALL}'
INSTALL_STRIP_PROGRAM='$(install_sh) -c -s'
KPSEWHICH=''
LATEX=''
LD=''
LDFLAGS=''
LIBOBJS=''
LIBS=''
LIBTOOL=''
LIPO=''
LN_S=''
LTLIBOBJS=''
LT_MAJOR='2'
LT_MICRO='3'
LT_MINOR='1'
LT_VERSION='2:1:3'
MAKEINFO='${SHELL} /Users/carlgt1/projects/qcn/ftgl/.auto/missing --run makeinfo'
MKDIR_P='.auto/install-sh -c -d'
NM=''
NMEDIT=''
OBJDUMP=''
OBJEXT='o'
OTOOL64=''
OTOOL=''
PACKAGE='ftgl'
PACKAGE_BUGREPORT='sam@zoy.org'
PACKAGE_NAME='FTGL'
PACKAGE_STRING='FTGL 2.1.3~rc5'
PACKAGE_TARNAME='ftgl'
PACKAGE_VERSION='2.1.3~rc5'
PATH_SEPARATOR=':'
PKG_CONFIG=''
RANLIB=''
SED=''
SET_MAKE=''
SHELL='/bin/sh'
STRIP=''
VERSION='2.1.3~rc5'
XMKMF=''
X_CFLAGS=''
X_EXTRA_LIBS=''
X_LIBS=''
X_PRE_LIBS=''
ac_ct_CC='gcc'
ac_ct_CXX=''
ac_ct_DUMPBIN=''
am__EXEEXT_FALSE=''
am__EXEEXT_TRUE=''
am__fastdepCC_FALSE=''
am__fastdepCC_TRUE=''
am__fastdepCXX_FALSE=''
am__fastdepCXX_TRUE=''
am__include='include'
am__isrc=''
am__leading_dot='.'
am__quote=''
am__tar='${AMTAR} chof - "$$tardir"'
am__untar='${AMTAR} xf -'
bindir='${exec_prefix}/bin'
build='i386-apple-darwin10.5.0'
build_alias=''
build_cpu='i386'
build_os='darwin10.5.0'
build_vendor='apple'
datadir='${datarootdir}'
datarootdir='${prefix}/share'
docdir='${datarootdir}/doc/${PACKAGE_TARNAME}'
dvidir='${docdir}'
exec_prefix='NONE'
host='i386-apple-darwin10.5.0'
host_alias=''
host_cpu='i386'
host_os='darwin10.5.0'
host_vendor='apple'
htmldir='${docdir}'
includedir='${prefix}/include'
infodir='${datarootdir}/info'
install_sh='${SHELL} /Users/carlgt1/projects/qcn/ftgl/.auto/install-sh'
libdir='${exec_prefix}/lib'
libexecdir='${exec_prefix}/libexec'
localedir='${datarootdir}/locale'
localstatedir='${prefix}/var'
lt_ECHO='/bin/echo'
mandir='${datarootdir}/man'
mkdir_p='$(top_builddir)/.auto/install-sh -c -d'
oldincludedir='/usr/include'
pdfdir='${docdir}'
prefix='NONE'
program_transform_name='s,x,x,'
psdir='${docdir}'
sbindir='${exec_prefix}/sbin'
sharedstatedir='${prefix}/com'
sysconfdir='${prefix}/etc'
target_alias=''

## ----------- ##
## confdefs.h. ##
## ----------- ##

#define PACKAGE_NAME "FTGL"
#define PACKAGE_TARNAME "ftgl"
#define PACKAGE_VERSION "2.1.3~rc5"
#define PACKAGE_STRING "FTGL 2.1.3~rc5"
#define PACKAGE_BUGREPORT "sam@zoy.org"

configure: caught signal 2
configure: exit 1
